<?xml version="1.0" encoding="UTF-8"?>
<testsuite xmlns:xsi="http://www.w3.org/2001/XMLSchema-instance" xsi:noNamespaceSchemaLocation="https://maven.apache.org/surefire/maven-surefire-plugin/xsd/surefire-test-report-3.0.xsd" version="3.0" name="com.ata.VehicleService.vehicle_service.service.impl.VehicleServiceImplTest" time="1.314" tests="6" errors="0" skipped="0" failures="0">
  <properties>
[...]
</properties>
  <testcase name="testGetVehicleById_Success" classname="com.ata.VehicleService.vehicle_service.service.impl.VehicleServiceImplTest" time="1.193">
    <system-out><![CDATA[06:49:05.780 [main] INFO com.ata.VehicleService.vehicle_service.serviceimpl.VehicleServiceImpl -- Fetching vehicle with id: 1
]]></system-out>
  </testcase>
  <testcase name="testDeleteVehicleById_Success" classname="com.ata.VehicleService.vehicle_service.service.impl.VehicleServiceImplTest" time="0.008">
    <system-out><![CDATA[06:49:05.847 [main] INFO com.ata.VehicleService.vehicle_service.serviceimpl.VehicleServiceImpl -- Deleting vehicle with id: 1
06:49:05.848 [main] INFO com.ata.VehicleService.vehicle_service.serviceimpl.VehicleServiceImpl -- Vehicle deleted with id: 1
]]></system-out>
  </testcase>
  <testcase name="testGetAllVehicles" classname="com.ata.VehicleService.vehicle_service.service.impl.VehicleServiceImplTest" time="0.007">
    <system-out><![CDATA[06:49:05.859 [main] INFO com.ata.VehicleService.vehicle_service.serviceimpl.VehicleServiceImpl -- Fetching all vehicles
]]></system-out>
  </testcase>
  <testcase name="testSaveVehicle" classname="com.ata.VehicleService.vehicle_service.service.impl.VehicleServiceImplTest" time="0.023">
    <system-out><![CDATA[06:49:05.869 [main] INFO com.ata.VehicleService.vehicle_service.serviceimpl.VehicleServiceImpl -- Saving vehicle: VehicleEntity(id=null, model=null, licensePlate=null, capacity=0)
]]></system-out>
  </testcase>
  <testcase name="testGetVehicleById_NotFound" classname="com.ata.VehicleService.vehicle_service.service.impl.VehicleServiceImplTest" time="0.008">
    <system-out><![CDATA[06:49:05.899 [main] INFO com.ata.VehicleService.vehicle_service.serviceimpl.VehicleServiceImpl -- Fetching vehicle with id: 1
06:49:05.899 [main] ERROR com.ata.VehicleService.vehicle_service.serviceimpl.VehicleServiceImpl -- Vehicle not found with id: 1
]]></system-out>
  </testcase>
  <testcase name="testDeleteVehicleById_NotFound" classname="com.ata.VehicleService.vehicle_service.service.impl.VehicleServiceImplTest" time="0.005">
    <system-out><![CDATA[06:49:05.909 [main] INFO com.ata.VehicleService.vehicle_service.serviceimpl.VehicleServiceImpl -- Deleting vehicle with id: 1
06:49:05.909 [main] ERROR com.ata.VehicleService.vehicle_service.serviceimpl.VehicleServiceImpl -- Vehicle not found with id: 1
]]></system-out>
  </testcase>
</testsuite>